{"/Users/mrblue/Music/Microverse/Module 2/Projects/ES6-capstone/src/modules/reservations/reservationsModal/reservationCounter.js": {"path":"/Users/mrblue/Music/Microverse/Module 2/Projects/ES6-capstone/src/modules/reservations/reservationsModal/reservationCounter.js","statementMap":{"0":{"start":{"line":1,"column":27},"end":{"line":4,"column":1}},"1":{"start":{"line":2,"column":25},"end":{"line":2,"column":42}},"2":{"start":{"line":3,"column":2},"end":{"line":3,"column":27}}},"fnMap":{"0":{"name":"(anonymous_0)","decl":{"start":{"line":1,"column":27},"end":{"line":1,"column":28}},"loc":{"start":{"line":1,"column":50},"end":{"line":4,"column":1}},"line":1}},"branchMap":{},"s":{"0":1,"1":1,"2":1},"f":{"0":1},"b":{},"_coverageSchema":"1a1c01bbd47fc00a2c39e90264f33305004495a9","hash":"bd56c9c2724e389cb5c400a3454a76c62e528166"}
}
